ARM GAS  /var/folders/_r/_y0pts413n9663x9mdt4dvcw0000gq/T//ccoahxYX.s 			page 1


   1              	# 0 "/Users/geobrown/Research/tag-designs/software/ChibiOS/os/common/ports/ARMv7-M/compilers/GCC/ch
   2              	# 0 "<built-in>"
   3              	# 0 "<command-line>"
   4              	# 1 "/Users/geobrown/Research/tag-designs/software/ChibiOS/os/common/ports/ARMv7-M/compilers/GCC/ch
   1              	/*
   2              	    ChibiOS - Copyright (C) 2006-2026 Giovanni Di Sirio.
   3              	
   4              	    This file is part of ChibiOS.
   5              	
   6              	    ChibiOS is free software; you can redistribute it and/or modify
   7              	    it under the terms of the GNU General Public License as published by
   8              	    the Free Software Foundation version 3 of the License.
   9              	
  10              	    ChibiOS is distributed in the hope that it will be useful,
  11              	    but WITHOUT ANY WARRANTY; without even the implied warranty of
  12              	    MERCHANTABILITY or FITNESS FOR A PARTICULAR PURPOSE.  See the
  13              	    GNU General Public License for more details.
  14              	
  15              	    You should have received a copy of the GNU General Public License
  16              	    along with this program.  If not, see <http://www.gnu.org/licenses/>.
  17              	*/
  18              	
  19              	/**
  20              	 * @file    ARMv7-M/compilers/GCC/chcoreasm.S
  21              	 * @brief   ARMv7-M port low level code.
  22              	 *
  23              	 * @addtogroup ARMV7M_GCC_CORE
  24              	 * @{
  25              	 */
  26              	
  27              	#if !defined(FALSE) || defined(__DOXYGEN__)
  28              	#define FALSE   0
  29              	#endif
  30              	
  31              	#if !defined(TRUE) || defined(__DOXYGEN__)
  32              	#define TRUE    1
  33              	#endif
  34              	
  35              	#define _FROM_ASM_
  36              	#include "chlicense.h"
   1              	/*
   2              	    ChibiOS - Copyright (C) 2006-2026 Giovanni Di Sirio.
   3              	
   4              	    This file is part of ChibiOS.
   5              	
   6              	    ChibiOS is free software; you can redistribute it and/or modify
   7              	    it under the terms of the GNU General Public License as published by
   8              	    the Free Software Foundation version 3 of the License.
   9              	
  10              	    ChibiOS is distributed in the hope that it will be useful,
  11              	    but WITHOUT ANY WARRANTY; without even the implied warranty of
  12              	    MERCHANTABILITY or FITNESS FOR A PARTICULAR PURPOSE.  See the
  13              	    GNU General Public License for more details.
  14              	
  15              	    You should have received a copy of the GNU General Public License
  16              	    along with this program.  If not, see <http://www.gnu.org/licenses/>.
  17              	*/
ARM GAS  /var/folders/_r/_y0pts413n9663x9mdt4dvcw0000gq/T//ccoahxYX.s 			page 2


  18              	
  19              	/**
  20              	 * @file    chlicense.h
  21              	 * @brief   License Module macros and structures.
  22              	 *
  23              	 * @addtogroup chibios_license
  24              	 * @details This module contains all the definitions required for defining
  25              	 *          a licensing scheme for customers or public releases.
  26              	 * @{
  27              	 */
  28              	
  29              	#ifndef CHLICENSE_H
  30              	#define CHLICENSE_H
  31              	
  32              	/*===========================================================================*/
  33              	/* Module constants.                                                         */
  34              	/*===========================================================================*/
  35              	
  36              	/**
  37              	 * @name   Allowed Features Levels
  38              	 * @{
  39              	 */
  40              	#define CH_FEATURES_BASIC                   0
  41              	#define CH_FEATURES_INTERMEDIATE            1
  42              	#define CH_FEATURES_FULL                    2
  43              	/** @} */
  44              	
  45              	/**
  46              	 * @name    Deployment Options
  47              	 * @{
  48              	 */
  49              	#define CH_DEPLOY_UNLIMITED                -1
  50              	#define CH_DEPLOY_NONE                      0
  51              	/** @} */
  52              	
  53              	/**
  54              	 * @name    Licensing Options
  55              	 * @{
  56              	 */
  57              	#define CH_LICENSE_GPL                      0
  58              	#define CH_LICENSE_GPL_EXCEPTION            1
  59              	#define CH_LICENSE_COMMERCIAL_FREE          2
  60              	#define CH_LICENSE_COMMERCIAL_DEV_1000      3
  61              	#define CH_LICENSE_COMMERCIAL_DEV_5000      4
  62              	#define CH_LICENSE_COMMERCIAL_FULL          5
  63              	#define CH_LICENSE_COMMERCIAL_RUNTIME       6
  64              	#define CH_LICENSE_PARTNER                  7
  65              	/** @} */
  66              	
  67              	#include "chversion.h"
   1              	/*
  68              	#include "chcustomer.h"
   1              	/*
  69              	#if CH_LICENSE == CH_LICENSE_PARTNER
  37              	#include "chconf.h"
   1              	/*
  38              	#include "chcore.h"
ARM GAS  /var/folders/_r/_y0pts413n9663x9mdt4dvcw0000gq/T//ccoahxYX.s 			page 3


   1              	/*
   2              	    ChibiOS - Copyright (C) 2006-2026 Giovanni Di Sirio.
   3              	
   4              	    This file is part of ChibiOS.
   5              	
   6              	    ChibiOS is free software; you can redistribute it and/or modify
   7              	    it under the terms of the GNU General Public License as published by
   8              	    the Free Software Foundation version 3 of the License.
   9              	
  10              	    ChibiOS is distributed in the hope that it will be useful,
  11              	    but WITHOUT ANY WARRANTY; without even the implied warranty of
  12              	    MERCHANTABILITY or FITNESS FOR A PARTICULAR PURPOSE.  See the
  13              	    GNU General Public License for more details.
  14              	
  15              	    You should have received a copy of the GNU General Public License
  16              	    along with this program.  If not, see <http://www.gnu.org/licenses/>.
  17              	*/
  18              	
  19              	/**
  20              	 * @file    ARMv7-M/chcore.h
  21              	 * @brief   ARMv7-M port macros and structures.
  22              	 *
  23              	 * @addtogroup ARMV7M_CORE
  24              	 * @{
  25              	 */
  26              	
  27              	#ifndef CHCORE_H
  28              	#define CHCORE_H
  29              	
  30              	/* Inclusion of the Cortex-Mx implementation specific parameters.*/
  31              	#include "cmparams.h"
   1              	/*
   2              	    ChibiOS - Copyright (C) 2006-2026 Giovanni Di Sirio.
   3              	
   4              	    Licensed under the Apache License, Version 2.0 (the "License");
   5              	    you may not use this file except in compliance with the License.
   6              	    You may obtain a copy of the License at
   7              	
   8              	        http://www.apache.org/licenses/LICENSE-2.0
   9              	
  10              	    Unless required by applicable law or agreed to in writing, software
  11              	    distributed under the License is distributed on an "AS IS" BASIS,
  12              	    WITHOUT WARRANTIES OR CONDITIONS OF ANY KIND, either express or implied.
  13              	    See the License for the specific language governing permissions and
  14              	    limitations under the License.
  15              	*/
  16              	
  17              	/**
  18              	 * @file    STM32L4xx/cmparams.h
  19              	 * @brief   ARM Cortex-M4 parameters for the STM32L4xx.
  20              	 *
  21              	 * @defgroup ARMCMx_STM32L4xx STM32L4xx Specific Parameters
  22              	 * @ingroup ARMCMx_SPECIFIC
  23              	 * @details This file contains the Cortex-M4 specific parameters for the
  24              	 *          STM32L4xx platform.
  25              	 * @{
  26              	 */
ARM GAS  /var/folders/_r/_y0pts413n9663x9mdt4dvcw0000gq/T//ccoahxYX.s 			page 4


  27              	
  28              	#ifndef CMPARAMS_H
  29              	#define CMPARAMS_H
  30              	
  31              	/**
  32              	 * @brief   Cortex core model.
  33              	 */
  34              	#define CORTEX_MODEL            4
  35              	
  36              	/**
  37              	 * @brief   Floating Point unit presence.
  38              	 */
  39              	#define CORTEX_HAS_FPU          1
  40              	
  41              	/**
  42              	 * @brief   Number of bits in priority masks.
  43              	 */
  44              	#define CORTEX_PRIORITY_BITS    4U
  45              	
  46              	/* If the device type is not externally defined, for example from the Makefile,
  47              	   then a file named board.h is included. This file must contain a device
  48              	   definition compatible with the vendor include file.*/
  49              	#if !defined(STM32L431xx) && !defined(STM32L432xx) &&                       \
  50              	    !defined(STM32L433xx) && !defined(STM32L442xx) &&                       \
  51              	    !defined(STM32L443xx) && !defined(STM32L451xx) &&                       \
  52              	    !defined(STM32L452xx) && !defined(STM32L462xx) &&                       \
  53              	    !defined(STM32L471xx) && !defined(STM32L475xx) &&                       \
  54              	    !defined(STM32L476xx) && !defined(STM32L485xx) &&                       \
  55              	    !defined(STM32L486xx) && !defined(STM32L496xx) &&                       \
  56              	    !defined(STM32L4A6xx) &&                                                \
  57              	    !defined(STM32L4R5xx) && !defined(STM32L4R7xx) &&                       \
  58              	    !defined(STM32L4R9xx) && !defined(STM32L4S5xx) &&                       \
  59              	    !defined(STM32L4S7xx) && !defined(STM32L4S9xx)
  60              	#include "board.h"
   1              	/*
  61              	#endif
  32              	#include "mpu.h"
   1              	/*
  33              	
  39              	
  40              	#if !defined(__DOXYGEN__)
  41              	
  42              	/*
  43              	 * RTOS-specific context offset.
  44              	 */
  45              	#if defined(_CHIBIOS_RT_CONF_)
  46              	#define CONTEXT_OFFSET  12
  47              	
  48              	#elif defined(_CHIBIOS_NIL_CONF_)
  49              	#define CONTEXT_OFFSET  0
  50              	
  51              	#else
  52              	#error "invalid chconf.h"
  53              	#endif
  54              	
  55              	/* MPU-related constants.*/
  56              	#define MPU_RBAR        0xE000ED9C
ARM GAS  /var/folders/_r/_y0pts413n9663x9mdt4dvcw0000gq/T//ccoahxYX.s 			page 5


  57              	
  58              	/* Other constants.*/
  59              	#define SCB_ICSR        0xE000ED04
  60              	#define ICSR_PENDSVSET  0x10000000
  61              	
  62              	                .syntax unified
  63              	                .cpu    cortex-m4
  64              	#if CORTEX_USE_FPU
  65              	                .fpu    fpv4-sp-d16
  66              	#else
  67              	                .fpu    softvfp
  68              	#endif
  69              	
  70              	                .thumb
  71              	                .text
  72              	
  73              	/*--------------------------------------------------------------------------*
  74              	 * Performs a context switch between two threads.
  75              	 *--------------------------------------------------------------------------*/
  76              	                .thumb_func
  77              	                .globl  __port_switch
  78              	__port_switch:
  79 0000 2DE9F04F 	                push    {r4, r5, r6, r7, r8, r9, r10, r11, lr}
  80              	#if CORTEX_USE_FPU
  81              	                /* Saving FPU context.*/
  82 0004 2DED108A 	                vpush   {s16-s31}
  83              	#endif
  84              	
  85              	#if PORT_SWITCHED_REGIONS_NUMBER > 0
  86              	                /* Saving MPU context.*/
  87              	                ldr     r2, =MPU_RBAR
  88              	#if PORT_SWITCHED_REGIONS_NUMBER >= 1
  89              	                mov     r3, #0
  90              	                str     r3, [r2, #-4]   /* RNR */
  91              	                ldm     r2, {r4, r5}    /* RBAR, RASR */
  92              	#endif
  93              	#if PORT_SWITCHED_REGIONS_NUMBER >= 2
  94              	                add     r3, #1
  95              	                str     r3, [r2, #-4]   /* RNR */
  96              	                ldm     r2, {r6, r7}    /* RBAR, RASR */
  97              	#endif
  98              	#if PORT_SWITCHED_REGIONS_NUMBER >= 3
  99              	                add     r3, #1
 100              	                str     r3, [r2, #-4]   /* RNR */
 101              	                ldm     r2, {r8, r9}    /* RBAR, RASR */
 102              	#endif
 103              	#if PORT_SWITCHED_REGIONS_NUMBER >= 4
 104              	                add     r3, #1
 105              	                str     r3, [r2, #-4]   /* RNR */
 106              	                ldm     r2, {r10, r11}  /* RBAR, RASR */
 107              	#endif
 108              	#if PORT_SWITCHED_REGIONS_NUMBER == 1
 109              	                push    {r4, r5}
 110              	#endif
 111              	#if PORT_SWITCHED_REGIONS_NUMBER == 2
 112              	                push    {r4, r5, r6, r7}
 113              	#endif
ARM GAS  /var/folders/_r/_y0pts413n9663x9mdt4dvcw0000gq/T//ccoahxYX.s 			page 6


 114              	#if PORT_SWITCHED_REGIONS_NUMBER == 3
 115              	                push    {r4, r5, r6, r7, r8, r9}
 116              	#endif
 117              	#if PORT_SWITCHED_REGIONS_NUMBER == 4
 118              	                push    {r4, r5, r6, r7, r8, r9, r10, r11}
 119              	#endif
 120              	#endif
 121              	
 122 0008 C1F80CD0 	                str     sp, [r1, #CONTEXT_OFFSET]
 123              	#if (CORTEX_SIMPLIFIED_PRIORITY == FALSE) &&                                \
 124              	    ((CORTEX_MODEL == 3) || (CORTEX_MODEL == 4))
 125              	                /* Workaround for ARM errata 752419, only applied if
 126              	                   condition exists for it to be triggered.*/
 127 000c C368     	                ldr     r3, [r0, #CONTEXT_OFFSET]
 128 000e 9D46     	                mov     sp, r3
 129              	#else
 130              	                ldr     sp, [r0, #CONTEXT_OFFSET]
 131              	#endif
 132              	
 133              	#if PORT_SWITCHED_REGIONS_NUMBER > 0
 134              	                /* Restoring MPU context.*/
 135              	#if PORT_SWITCHED_REGIONS_NUMBER == 1
 136              	                pop     {r4, r5}
 137              	#endif
 138              	#if PORT_SWITCHED_REGIONS_NUMBER == 2
 139              	                pop     {r4, r5, r6, r7}
 140              	#endif
 141              	#if PORT_SWITCHED_REGIONS_NUMBER == 3
 142              	                pop     {r4, r5, r6, r7, r8, r9}
 143              	#endif
 144              	#if PORT_SWITCHED_REGIONS_NUMBER == 4
 145              	                pop     {r4, r5, r6, r7, r8, r9, r10, r11}
 146              	#endif
 147              	#if PORT_SWITCHED_REGIONS_NUMBER >= 1
 148              	                mov     r3, #0
 149              	                str     r3, [r2, #-4]   /* RNR */
 150              	                stm     r2, {r4, r5}    /* RBAR, RASR */
 151              	#endif
 152              	#if PORT_SWITCHED_REGIONS_NUMBER >= 2
 153              	                add     r3, #1
 154              	                str     r3, [r2, #-4]   /* RNR */
 155              	                stm     r2, {r6, r7}    /* RBAR, RASR */
 156              	#endif
 157              	#if PORT_SWITCHED_REGIONS_NUMBER >= 3
 158              	                add     r3, #1
 159              	                str     r3, [r2, #-4]   /* RNR */
 160              	                stm     r2, {r8, r9}    /* RBAR, RASR */
 161              	#endif
 162              	#if PORT_SWITCHED_REGIONS_NUMBER >= 4
 163              	                add     r3, #1
 164              	                str     r3, [r2, #-4]   /* RNR */
 165              	                stm     r2, {r10, r11}  /* RBAR, RASR */
 166              	#endif
 167              	#endif
 168              	
 169              	#if CORTEX_USE_FPU
 170              	                /* Restoring FPU context.*/
ARM GAS  /var/folders/_r/_y0pts413n9663x9mdt4dvcw0000gq/T//ccoahxYX.s 			page 7


 171 0010 BDEC108A 	                vpop    {s16-s31}
 172              	#endif
 173 0014 BDE8F08F 	                pop     {r4, r5, r6, r7, r8, r9, r10, r11, pc}
 174              	
 175              	/*--------------------------------------------------------------------------*
 176              	 * Start a thread by invoking its work function.
 177              	 *
 178              	 * Threads execution starts here, the code leaves the system critical zone
 179              	 * and then jumps into the thread function passed in register R4. The
 180              	 * register R5 contains the thread parameter. The function chThdExit() is
 181              	 * called on thread function return.
 182              	 *--------------------------------------------------------------------------*/
 183              	                .thumb_func
 184              	                .globl  __port_thread_start
 185              	__port_thread_start:
 186              	#if CH_DBG_ENABLE_STACK_CHECK && PORT_ENABLE_GUARD_PAGES
 187              	                bl      __port_set_region
 188              	#endif
 189              	#if CH_DBG_SYSTEM_STATE_CHECK
 190              	                bl      __dbg_check_unlock
 191              	#endif
 192              	#if CH_DBG_STATISTICS
 193              	                bl      __stats_stop_measure_crit_thd
 194              	#endif
 195              	#if CORTEX_SIMPLIFIED_PRIORITY
 196              	                cpsie   i
 197              	#else
 198 0018 0023     	                movs    r3, #0              /* CORTEX_BASEPRI_DISABLED */
 199 001a 83F31188 	                msr     BASEPRI, r3
 200              	#endif
 201 001e 2846     	                mov     r0, r5
 202 0020 A047     	                blx     r4
 203 0022 0020     	                movs    r0, #0              /* MSG_OK */
 204 0024 FFF7FEFF 	                bl      chThdExit
 205 0028 FEE7     	.zombies:       b       .zombies
 206              	
 207              	/*--------------------------------------------------------------------------*
 208              	 * Post-IRQ switch code.
 209              	 *
 210              	 * Exception handlers return here for context switching.
 211              	 *--------------------------------------------------------------------------*/
 212              	                .thumb_func
 213              	                .globl  __port_switch_from_isr
 214              	__port_switch_from_isr:
 215              	#if CH_DBG_STATISTICS
 216              	                bl      __stats_start_measure_crit_thd
 217              	#endif
 218              	#if CH_DBG_SYSTEM_STATE_CHECK
 219              	                bl      __dbg_check_lock
 220              	#endif
 221 002a FFF7FEFF 	                bl      chSchDoPreemption
 222              	#if CH_DBG_SYSTEM_STATE_CHECK
 223              	                bl      __dbg_check_unlock
 224              	#endif
 225              	#if CH_DBG_STATISTICS
 226              	                bl      __stats_stop_measure_crit_thd
 227              	#endif
ARM GAS  /var/folders/_r/_y0pts413n9663x9mdt4dvcw0000gq/T//ccoahxYX.s 			page 8


 228              	                .globl  __port_exit_from_isr
 229              	__port_exit_from_isr:
 230              	#if CORTEX_SIMPLIFIED_PRIORITY
 231              	                movw    r3, #:lower16:SCB_ICSR
 232              	                movt    r3, #:upper16:SCB_ICSR
 233              	                mov     r2, ICSR_PENDSVSET
 234              	                str     r2, [r3, #0]
 235              	                cpsie   i
 236              	#else /* !CORTEX_SIMPLIFIED_PRIORITY */
 237 002e 00DF     	                svc     #0
 238              	#endif /* !CORTEX_SIMPLIFIED_PRIORITY */
 239 0030 FEE7     	.L1:            b       .L1
ARM GAS  /var/folders/_r/_y0pts413n9663x9mdt4dvcw0000gq/T//ccoahxYX.s 			page 9


DEFINED SYMBOLS
/Users/geobrown/Research/tag-designs/software/ChibiOS/os/common/ports/ARMv7-M/compilers/GCC/chcoreasm.S:78     .text:00000000 __port_switch
/Users/geobrown/Research/tag-designs/software/ChibiOS/os/common/ports/ARMv7-M/compilers/GCC/chcoreasm.S:79     .text:00000000 $t
/Users/geobrown/Research/tag-designs/software/ChibiOS/os/common/ports/ARMv7-M/compilers/GCC/chcoreasm.S:185    .text:00000018 __port_thread_start
/Users/geobrown/Research/tag-designs/software/ChibiOS/os/common/ports/ARMv7-M/compilers/GCC/chcoreasm.S:205    .text:00000028 .zombies
/Users/geobrown/Research/tag-designs/software/ChibiOS/os/common/ports/ARMv7-M/compilers/GCC/chcoreasm.S:214    .text:0000002a __port_switch_from_isr
/Users/geobrown/Research/tag-designs/software/ChibiOS/os/common/ports/ARMv7-M/compilers/GCC/chcoreasm.S:229    .text:0000002e __port_exit_from_isr

UNDEFINED SYMBOLS
chThdExit
chSchDoPreemption
