ARM GAS  /var/folders/_r/_y0pts413n9663x9mdt4dvcw0000gq/T//ccGdbN6h.s 			page 1


   1              	# 0 "/Users/geobrown/Research/tag-designs/software/ChibiOS/os/common/startup/ARMCMx/compilers/GCC/c
   2              	# 0 "<built-in>"
   3              	# 0 "<command-line>"
   4              	# 1 "/Users/geobrown/Research/tag-designs/software/ChibiOS/os/common/startup/ARMCMx/compilers/GCC/c
   1              	/*
   2              	    ChibiOS - Copyright (C) 2006-2026 Giovanni Di Sirio.
   3              	
   4              	    Licensed under the Apache License, Version 2.0 (the "License");
   5              	    you may not use this file except in compliance with the License.
   6              	    You may obtain a copy of the License at
   7              	
   8              	        http://www.apache.org/licenses/LICENSE-2.0
   9              	
  10              	    Unless required by applicable law or agreed to in writing, software
  11              	    distributed under the License is distributed on an "AS IS" BASIS,
  12              	    WITHOUT WARRANTIES OR CONDITIONS OF ANY KIND, either express or implied.
  13              	    See the License for the specific language governing permissions and
  14              	    limitations under the License.
  15              	*/
  16              	
  17              	/**
  18              	 * @file    crt0_v7m.S
  19              	 * @brief   Generic ARMv7-M (Cortex-M3/M4/M7) startup file for ChibiOS.
  20              	 *
  21              	 * @addtogroup ARMCMx_GCC_STARTUP_V7M
  22              	 * @{
  23              	 */
  24              	
  25              	/*===========================================================================*/
  26              	/* Module constants.                                                         */
  27              	/*===========================================================================*/
  28              	
  29              	#if !defined(FALSE) || defined(__DOXYGEN__)
  30              	#define FALSE                               0
  31              	#endif
  32              	
  33              	#if !defined(TRUE) || defined(__DOXYGEN__)
  34              	#define TRUE                                1
  35              	#endif
  36              	
  37              	#define CONTROL_MODE_PRIVILEGED             0
  38              	#define CONTROL_MODE_UNPRIVILEGED           1
  39              	#define CONTROL_USE_MSP                     0
  40              	#define CONTROL_USE_PSP                     2
  41              	#define CONTROL_FPCA                        4
  42              	
  43              	#define FPCCR_ASPEN                         (1 << 31)
  44              	#define FPCCR_LSPEN                         (1 << 30)
  45              	
  46              	#define SCB_VTOR                            0xE000ED08
  47              	#define SCB_CPACR                           0xE000ED88
  48              	#define SCB_FPCCR                           0xE000EF34
  49              	#define SCB_FPDSCR                          0xE000EF3C
  50              	
  51              	/*===========================================================================*/
  52              	/* Module pre-compile time settings.                                         */
  53              	/*===========================================================================*/
ARM GAS  /var/folders/_r/_y0pts413n9663x9mdt4dvcw0000gq/T//ccGdbN6h.s 			page 2


  54              	
  55              	/**
  56              	 * @brief   Enforces initialization of MSP.
  57              	 * @note    This is required if the boot process is not reliable for whatever
  58              	 *          reason (bad ROMs, bad bootloaders, bad debuggers=.
  59              	 */
  60              	#if !defined(CRT0_FORCE_MSP_INIT) || defined(__DOXYGEN__)
  61              	#define CRT0_FORCE_MSP_INIT                 TRUE
  62              	#endif
  63              	
  64              	/**
  65              	 * @brief   VTOR special register initialization.
  66              	 * @details VTOR is initialized to point to the vectors table.
  67              	 */
  68              	#if !defined(CRT0_VTOR_INIT) || defined(__DOXYGEN__)
  69              	#define CRT0_VTOR_INIT                      TRUE
  70              	#endif
  71              	
  72              	/**
  73              	 * @brief   FPU initialization switch.
  74              	 */
  75              	#if !defined(CRT0_INIT_FPU) || defined(__DOXYGEN__)
  76              	#if defined(CORTEX_USE_FPU) || defined(__DOXYGEN__)
  77              	#define CRT0_INIT_FPU                       CORTEX_USE_FPU
  78              	#else
  79              	#define CRT0_INIT_FPU                       FALSE
  80              	#endif
  81              	#endif
  82              	
  83              	/**
  84              	 * @brief   Control special register initialization value.
  85              	 * @details The system is setup to run in privileged mode using the PSP
  86              	 *          stack (dual stack mode).
  87              	 */
  88              	#if !defined(CRT0_CONTROL_INIT) || defined(__DOXYGEN__)
  89              	#define CRT0_CONTROL_INIT                   (CONTROL_USE_PSP |              \
  90              	                                             CONTROL_MODE_PRIVILEGED)
  91              	#endif
  92              	
  93              	/**
  94              	 * @brief   Core initialization switch.
  95              	 */
  96              	#if !defined(CRT0_INIT_CORE) || defined(__DOXYGEN__)
  97              	#define CRT0_INIT_CORE                      TRUE
  98              	#endif
  99              	
 100              	/**
 101              	 * @brief   Stack segments initialization switch.
 102              	 */
 103              	#if !defined(CRT0_STACKS_FILL_PATTERN) || defined(__DOXYGEN__)
 104              	#define CRT0_STACKS_FILL_PATTERN            0x55555555
 105              	#endif
 106              	
 107              	/**
 108              	 * @brief   Stack segments initialization switch.
 109              	 */
 110              	#if !defined(CRT0_INIT_STACKS) || defined(__DOXYGEN__)
ARM GAS  /var/folders/_r/_y0pts413n9663x9mdt4dvcw0000gq/T//ccGdbN6h.s 			page 3


 111              	#define CRT0_INIT_STACKS                    TRUE
 112              	#endif
 113              	
 114              	/**
 115              	 * @brief   Vectors table initialization.
 116              	 * @details Vectors are copied in RAM on startup.
 117              	 */
 118              	#if !defined(CRT0_INIT_VECTORS) || defined(__DOXYGEN__)
 119              	#define CRT0_INIT_VECTORS                   FALSE
 120              	#endif
 121              	
 122              	/**
 123              	 * @brief   DATA segment initialization switch.
 124              	 */
 125              	#if !defined(CRT0_INIT_DATA) || defined(__DOXYGEN__)
 126              	#define CRT0_INIT_DATA                      TRUE
 127              	#endif
 128              	
 129              	/**
 130              	 * @brief   BSS segment initialization switch.
 131              	 */
 132              	#if !defined(CRT0_INIT_BSS) || defined(__DOXYGEN__)
 133              	#define CRT0_INIT_BSS                       TRUE
 134              	#endif
 135              	
 136              	/**
 137              	 * @brief   RAM areas initialization switch.
 138              	 */
 139              	#if !defined(CRT0_INIT_RAM_AREAS) || defined(__DOXYGEN__)
 140              	#define CRT0_INIT_RAM_AREAS                 TRUE
 141              	#endif
 142              	
 143              	/**
 144              	 * @brief   Constructors invocation switch.
 145              	 */
 146              	#if !defined(CRT0_CALL_CONSTRUCTORS) || defined(__DOXYGEN__)
 147              	#define CRT0_CALL_CONSTRUCTORS              TRUE
 148              	#endif
 149              	
 150              	/**
 151              	 * @brief   Destructors invocation switch.
 152              	 */
 153              	#if !defined(CRT0_CALL_DESTRUCTORS) || defined(__DOXYGEN__)
 154              	#define CRT0_CALL_DESTRUCTORS               TRUE
 155              	#endif
 156              	
 157              	/**
 158              	 * @brief   Number of extra cores.
 159              	 */
 160              	#if !defined(CRT0_EXTRA_CORES_NUMBER) || defined(__DOXYGEN__)
 161              	#define CRT0_EXTRA_CORES_NUMBER             0
 162              	#endif
 163              	
 164              	/**
 165              	 * @brief   FPU FPCCR register initialization value.
 166              	 * @note    Only used if @p CRT0_INIT_FPU is equal to @p TRUE.
 167              	 */
ARM GAS  /var/folders/_r/_y0pts413n9663x9mdt4dvcw0000gq/T//ccGdbN6h.s 			page 4


 168              	#if !defined(CRT0_FPCCR_INIT) || defined(__DOXYGEN__)
 169              	#define CRT0_FPCCR_INIT                     (FPCCR_ASPEN | FPCCR_LSPEN)
 170              	#endif
 171              	
 172              	/**
 173              	 * @brief   CPACR register initialization value.
 174              	 * @note    Only used if @p CRT0_INIT_FPU is equal to @p TRUE.
 175              	 */
 176              	#if !defined(CRT0_CPACR_INIT) || defined(__DOXYGEN__)
 177              	#define CRT0_CPACR_INIT                     0x00F00000
 178              	#endif
 179              	
 180              	/*===========================================================================*/
 181              	/* Code section.                                                             */
 182              	/*===========================================================================*/
 183              	
 184              	#if !defined(__DOXYGEN__)
 185              	
 186              	                .syntax unified
 187              	                .cpu    cortex-m3
 188              	#if CRT0_INIT_FPU == TRUE
 189              	                .fpu    fpv4-sp-d16
 190              	#else
 191              	                .fpu    softvfp
 192              	#endif
 193              	
 194              	                .thumb
 195              	                .text
 196              	
 197              	/*
 198              	 * CRT0 entry point.
 199              	 */
 200              	                .align  2
 201              	                .thumb_func
 202              	                .global _crt0_entry
 203              	_crt0_entry:
 204              	                /* Interrupts are globally masked initially.*/
 205 0000 72B6     	                cpsid   i
 206              	
 207              	#if CRT0_FORCE_MSP_INIT == TRUE
 208              	                /* MSP stack pointers initialization.*/
 209 0002 2F48     	                ldr     r0, =__main_stack_end__
 210 0004 80F30888 	                msr     MSP, r0
 211              	#endif
 212              	
 213              	                /* PSP stack pointers initialization.*/
 214 0008 2E48     	                ldr     r0, =__process_stack_end__
 215 000a 80F30988 	                msr     PSP, r0
 216              	
 217              	#if CRT0_VTOR_INIT == TRUE
 218              	                /* Initial VTOR position enforced.*/
 219 000e 2E48     	                ldr     r0, =_vectors
 220 0010 2E49     	                ldr     r1, =SCB_VTOR
 221 0012 0860     	                str     r0, [r1]
 222              	#endif
 223              	
 224              	#if CRT0_INIT_FPU == TRUE
ARM GAS  /var/folders/_r/_y0pts413n9663x9mdt4dvcw0000gq/T//ccGdbN6h.s 			page 5


 225              	                /* FPU FPCCR initialization.*/
 226 0014 40F20000 	                movw    r0, #CRT0_FPCCR_INIT & 0xFFFF
 227 0018 CCF20000 	                movt    r0, #CRT0_FPCCR_INIT >> 16
 228 001c 4EF63471 	                movw    r1, #SCB_FPCCR & 0xFFFF
 229 0020 CEF20001 	                movt    r1, #SCB_FPCCR >> 16
 230 0024 0860     	                str     r0, [r1]
 231 0026 BFF34F8F 	                dsb
 232 002a BFF36F8F 	                isb
 233              	
 234              	                /* CPACR initialization.*/
 235 002e 40F20000 	                movw    r0, #CRT0_CPACR_INIT & 0xFFFF
 236 0032 C0F2F000 	                movt    r0, #CRT0_CPACR_INIT >> 16
 237 0036 4EF68851 	                movw    r1, #SCB_CPACR & 0xFFFF
 238 003a CEF20001 	                movt    r1, #SCB_CPACR >> 16
 239 003e 0860     	                str     r0, [r1]
 240 0040 BFF34F8F 	                dsb
 241 0044 BFF36F8F 	                isb
 242              	
 243              	                /* FPU FPSCR initially cleared.*/
 244 0048 4FF00000 	                mov     r0, #0
 245 004c E1EE100A 	                vmsr    FPSCR, r0
 246              	
 247              	                /* FPU FPDSCR initially cleared.*/
 248 0050 4EF63C71 	                movw    r1, #SCB_FPDSCR & 0xFFFF
 249 0054 CEF20001 	                movt    r1, #SCB_FPDSCR >> 16
 250 0058 0860     	                str     r0, [r1]
 251              	#endif
 252              	
 253              	                /* CONTROL register initialization as configured.*/
 254 005a 0220     	                movs    r0, #CRT0_CONTROL_INIT
 255 005c 80F31488 	                msr     CONTROL, r0
 256 0060 BFF36F8F 	                isb
 257              	
 258              	#if CRT0_INIT_CORE == TRUE
 259              	                /* Core initialization.*/
 260 0064 FFF7FEFF 	                bl      __cpu_init
 261              	#endif
 262              	
 263              	                /* Early initialization.*/
 264 0068 FFF7FEFF 	                bl      __early_init
 265              	
 266              	#if CRT0_INIT_STACKS == TRUE
 267              	                ldr     r0, =CRT0_STACKS_FILL_PATTERN
 268              	                /* Main Stack initialization. Note, it assumes that the
 269              	                   stack size is a multiple of 4 so the linker file must
 270              	                   ensure this.*/
 271              	                ldr     r1, =__main_stack_base__
 272              	                ldr     r2, =__main_stack_end__
 273              	.Lmsloop:
 274              	                cmp     r1, r2
 275              	                itt     lo
 276              	                strlo   r0, [r1], #4
 277              	                blo     .Lmsloop
 278              	
 279              	                /* Process Stack initialization. Note, it assumes that the
 280              	                   stack size is a multiple of 4 so the linker file must
 281              	                   ensure this.*/
ARM GAS  /var/folders/_r/_y0pts413n9663x9mdt4dvcw0000gq/T//ccGdbN6h.s 			page 6


 282              	                ldr     r1, =__process_stack_base__
 283              	                ldr     r2, =__process_stack_end__
 284              	.Lpsloop:
 285              	                cmp     r1, r2
 286              	                itt     lo
 287              	                strlo   r0, [r1], #4
 288              	                blo     .Lpsloop
 289              	#endif
 290              	
 291              	#if CRT0_INIT_VECTORS == TRUE
 292              	                /* Vectors initialization. Note, it assumes that the vectors
 293              	                   size is a multiple of 4 so the linker file must ensure
 294              	                   this.*/
 295              	                ldr     r1, =__textvectors_base__
 296              	                ldr     r2, =__vectors_base__
 297              	                ldr     r3, =__vectors_end__
 298              	                mov     r4, r2
 299              	.Lvloop:
 300              	                cmp     r2, r3
 301              	                ittt    lo
 302              	                ldrlo   r0, [r1], #4
 303              	                strlo   r0, [r2], #4
 304              	                blo     .Lvloop
 305              	
 306              	                /* VTOR now pointing to the RAM table.*/
 307              	                ldr     r1, =SCB_VTOR
 308              	                str     r4, [r1]
 309              	#endif
 310              	
 311              	#if CRT0_INIT_DATA == TRUE
 312              	                /* Data initialization. Note, it assumes that the DATA
 313              	                   size is a multiple of 4 so the linker file must ensure
 314              	                   this.*/
 315 006c 1849     	                ldr     r1, =__textdata_base__
 316 006e 194A     	                ldr     r2, =__data_base__
 317 0070 194B     	                ldr     r3, =__data_end__
 318              	.Ldloop:
 319 0072 9A42     	                cmp     r2, r3
 320 0074 3EBF     	                ittt    lo
 321 0076 51F8040B 	                ldrlo   r0, [r1], #4
 322 007a 42F8040B 	                strlo   r0, [r2], #4
 323 007e F8E7     	                blo     .Ldloop
 324              	#endif
 325              	
 326              	#if CRT0_INIT_BSS == TRUE
 327              	                /* BSS initialization. Note, it assumes that the BSS
 328              	                   size is a multiple of 4 so the linker file must ensure
 329              	                   this.*/
 330 0080 0020     	                movs    r0, #0
 331 0082 1649     	                ldr     r1, =__bss_base__
 332 0084 164A     	                ldr     r2, =__bss_end__
 333              	.Lbloop:
 334 0086 9142     	                cmp     r1, r2
 335 0088 3CBF     	                itt     lo
 336 008a 41F8040B 	                strlo   r0, [r1], #4
 337 008e FAE7     	                blo     .Lbloop
 338              	#endif
ARM GAS  /var/folders/_r/_y0pts413n9663x9mdt4dvcw0000gq/T//ccGdbN6h.s 			page 7


 339              	
 340              	#if CRT0_INIT_RAM_AREAS == TRUE
 341              	                /* RAM areas initialization.*/
 342 0090 FFF7FEFF 	                bl      __init_ram_areas
 343              	#endif
 344              	
 345              	                /* Late initialization..*/
 346 0094 FFF7FEFF 	                bl      __late_init
 347              	
 348              	#if CRT0_CALL_CONSTRUCTORS == TRUE
 349              	                /* Constructors invocation.*/
 350 0098 124C     	                ldr     r4, =__init_array_base__
 351 009a 134D     	                ldr     r5, =__init_array_end__
 352              	.Linitloop:
 353 009c AC42     	                cmp     r4, r5
 354 009e 03DA     	                bge     .Lendinitloop
 355 00a0 54F8041B 	                ldr     r1, [r4], #4
 356 00a4 8847     	                blx     r1
 357 00a6 F9E7     	                b       .Linitloop
 358              	.Lendinitloop:
 359              	#endif
 360              	
 361              	                /* Main program invocation, r0 contains the returned value.*/
 362 00a8 FFF7FEFF 	                bl      main
 363              	
 364              	#if CRT0_CALL_DESTRUCTORS == TRUE
 365              	                /* Destructors invocation.*/
 366 00ac 0F4C     	                ldr     r4, =__fini_array_base__
 367 00ae 104D     	                ldr     r5, =__fini_array_end__
 368              	.Lfiniloop:
 369 00b0 AC42     	                cmp     r4, r5
 370 00b2 03DA     	                bge     .Lendfiniloop
 371 00b4 54F8041B 	                ldr     r1, [r4], #4
 372 00b8 8847     	                blx     r1
 373 00ba F9E7     	                b       .Lfiniloop
 374              	.Lendfiniloop:
 375              	#endif
 376              	
 377              	                /* Branching to the defined exit handler.*/
 378 00bc FFF7FEBF 	                b       __default_exit
 379              	
 380              	#endif /* !defined(__DOXYGEN__) */
 381              	
 382              	                .macro  CRT0_EXTRA_CORE_ENTRY core
 383              	                .align  2
 384              	                .thumb_func
 385              	                .global _crt0_c\core\()_entry
 386              	_crt0_c\core\()_entry:
 387              	                /* Interrupts are globally masked initially.*/
 388              	                cpsid   i
 389              	
 390              	#if CRT0_FORCE_MSP_INIT == TRUE
 391              	                /* MSP stack pointers initialization.*/
 392              	                ldr     r0, =__c\core\()_main_stack_end__
 393              	                msr     MSP, r0
 394              	#endif
 395              	
ARM GAS  /var/folders/_r/_y0pts413n9663x9mdt4dvcw0000gq/T//ccGdbN6h.s 			page 8


 396              	                /* PSP stack pointers initialization.*/
 397              	                ldr     r0, =__c\core\()_process_stack_end__
 398              	                msr     PSP, r0
 399              	
 400              	#if CRT0_VTOR_INIT == TRUE
 401              	                /* Initial VTOR position enforced.*/
 402              	                ldr     r0, =_vectors
 403              	                ldr     r1, =SCB_VTOR
 404              	                str     r0, [r1]
 405              	#endif
 406              	
 407              	#if CRT0_INIT_FPU == TRUE
 408              	                /* FPU FPCCR initialization.*/
 409              	                movw    r0, #CRT0_FPCCR_INIT & 0xFFFF
 410              	                movt    r0, #CRT0_FPCCR_INIT >> 16
 411              	                movw    r1, #SCB_FPCCR & 0xFFFF
 412              	                movt    r1, #SCB_FPCCR >> 16
 413              	                str     r0, [r1]
 414              	                dsb
 415              	                isb
 416              	
 417              	                /* CPACR initialization.*/
 418              	                movw    r0, #CRT0_CPACR_INIT & 0xFFFF
 419              	                movt    r0, #CRT0_CPACR_INIT >> 16
 420              	                movw    r1, #SCB_CPACR & 0xFFFF
 421              	                movt    r1, #SCB_CPACR >> 16
 422              	                str     r0, [r1]
 423              	                dsb
 424              	                isb
 425              	
 426              	                /* FPU FPSCR initially cleared.*/
 427              	                mov     r0, #0
 428              	                vmsr    FPSCR, r0
 429              	
 430              	                /* FPU FPDSCR initially cleared.*/
 431              	                movw    r1, #SCB_FPDSCR & 0xFFFF
 432              	                movt    r1, #SCB_FPDSCR >> 16
 433              	                str     r0, [r1]
 434              	#endif
 435              	
 436              	                /* CONTROL register initialization as configured.*/
 437              	                movs    r0, #CRT0_CONTROL_INIT
 438              	                msr     CONTROL, r0
 439              	                isb
 440              	
 441              	#if CRT0_INIT_CORE == TRUE
 442              	                /* Core initialization.*/
 443              	                bl      __c\core\()_cpu_init
 444              	#endif
 445              	
 446              	                /* Early initialization.*/
 447              	                bl      __c\core\()_early_init
 448              	
 449              	#if CRT0_INIT_STACKS == TRUE
 450              	                ldr     r0, =CRT0_STACKS_FILL_PATTERN
 451              	                /* Main Stack initialization. Note, it assumes that the
 452              	                   stack size is a multiple of 4 so the linker file must
ARM GAS  /var/folders/_r/_y0pts413n9663x9mdt4dvcw0000gq/T//ccGdbN6h.s 			page 9


 453              	                   ensure this.*/
 454              	                ldr     r1, =__c\core\()_main_stack_base__
 455              	                ldr     r2, =__c\core\()_main_stack_end__
 456              	.Lc\core\()msloop\@:
 457              	                cmp     r1, r2
 458              	                itt     lo
 459              	                strlo   r0, [r1], #4
 460              	                blo     .Lc\core\()msloop\@
 461              	
 462              	                /* Process Stack initialization. Note, it assumes that the
 463              	                   stack size is a multiple of 4 so the linker file must
 464              	                   ensure this.*/
 465              	                ldr     r1, =__c\core\()_process_stack_base__
 466              	                ldr     r2, =__c\core\()_process_stack_end__
 467              	.Lc\core\()psloop\@:
 468              	                cmp     r1, r2
 469              	                itt     lo
 470              	                strlo   r0, [r1], #4
 471              	                blo     .Lc\core\()psloop\@
 472              	#endif
 473              	
 474              	                /* Late initialization.*/
 475              	                bl      __c\core\()_late_init
 476              	
 477              	                /* Main program invocation, r0 contains the returned value.*/
 478              	                bl      c\core\()_main
 479              	
 480              	                /* Branching to the defined exit handler.*/
 481              	                b       __c\core\()_default_exit
 482 00c0 00000000 	                .endm
 482      00000000 
 482      00000000 
 482      08ED00E0 
 482      00000000 
ARM GAS  /var/folders/_r/_y0pts413n9663x9mdt4dvcw0000gq/T//ccGdbN6h.s 			page 10


DEFINED SYMBOLS
/Users/geobrown/Research/tag-designs/software/ChibiOS/os/common/startup/ARMCMx/compilers/GCC/crt0_v7m.S:200    .text:00000000 $t
/Users/geobrown/Research/tag-designs/software/ChibiOS/os/common/startup/ARMCMx/compilers/GCC/crt0_v7m.S:203    .text:00000000 _crt0_entry
/Users/geobrown/Research/tag-designs/software/ChibiOS/os/common/startup/ARMCMx/compilers/GCC/crt0_v7m.S:482    .text:000000c0 $d

UNDEFINED SYMBOLS
__main_stack_end__
__process_stack_end__
_vectors
__cpu_init
__early_init
__textdata_base__
__data_base__
__data_end__
__bss_base__
__bss_end__
__init_ram_areas
__late_init
__init_array_base__
__init_array_end__
main
__fini_array_base__
__fini_array_end__
__default_exit
